proguard/seeds.txt
com.xuwt.smsbomb.BaseActivity
com.xuwt.smsbomb.BaseActivity: BaseActivity()
com.xuwt.smsbomb.LoadingActivity
com.xuwt.smsbomb.LoadingActivity: LoadingActivity()
com.xuwt.smsbomb.MainActivity
com.xuwt.smsbomb.MainActivity: MainActivity()
com.xuwt.smsbomb.MainActivity: void onClick(android.view.View)
com.xuwt.smsbomb.MainFragment$MyBroadcast
com.xuwt.smsbomb.R$attr
com.xuwt.smsbomb.R$color
com.xuwt.smsbomb.R$color: int green
com.xuwt.smsbomb.R$color: int line
com.xuwt.smsbomb.R$dimen
com.xuwt.smsbomb.R$dimen: int activity_horizontal_margin
com.xuwt.smsbomb.R$dimen: int activity_vertical_margin
com.xuwt.smsbomb.R$drawable
com.xuwt.smsbomb.R$drawable: int bg
com.xuwt.smsbomb.R$drawable: int checkbox_selected
com.xuwt.smsbomb.R$drawable: int checkbox_unselect
com.xuwt.smsbomb.R$drawable: int editor_bg
com.xuwt.smsbomb.R$drawable: int header
com.xuwt.smsbomb.R$drawable: int ic_launcher
com.xuwt.smsbomb.R$drawable: int left_dis
com.xuwt.smsbomb.R$drawable: int left_normal
com.xuwt.smsbomb.R$drawable: int loading
com.xuwt.smsbomb.R$drawable: int logo
com.xuwt.smsbomb.R$drawable: int seprater
com.xuwt.smsbomb.R$drawable: int setting
com.xuwt.smsbomb.R$drawable: int splash
com.xuwt.smsbomb.R$drawable: int switch_control
com.xuwt.smsbomb.R$drawable: int switch_off
com.xuwt.smsbomb.R$drawable: int switch_on
com.xuwt.smsbomb.R$drawable: int title_button_back
com.xuwt.smsbomb.R$drawable: int umeng_common_gradient_green
com.xuwt.smsbomb.R$drawable: int umeng_common_gradient_orange
com.xuwt.smsbomb.R$drawable: int umeng_common_gradient_red
com.xuwt.smsbomb.R$drawable: int umeng_update_btn_check_off_focused_holo_light
com.xuwt.smsbomb.R$drawable: int umeng_update_btn_check_off_holo_light
com.xuwt.smsbomb.R$drawable: int umeng_update_btn_check_off_pressed_holo_light
com.xuwt.smsbomb.R$drawable: int umeng_update_btn_check_on_focused_holo_light
com.xuwt.smsbomb.R$drawable: int umeng_update_btn_check_on_holo_light
com.xuwt.smsbomb.R$drawable: int umeng_update_btn_check_on_pressed_holo_light
com.xuwt.smsbomb.R$drawable: int umeng_update_button_cancel_bg_focused
com.xuwt.smsbomb.R$id
com.xuwt.smsbomb.R$id: int action_settings
com.xuwt.smsbomb.R$id: int back_btn
com.xuwt.smsbomb.R$id: int back_layout
com.xuwt.smsbomb.R$id: int back_view
com.xuwt.smsbomb.R$id: int checkBox
com.xuwt.smsbomb.R$id: int content
com.xuwt.smsbomb.R$id: int fragment_content
com.xuwt.smsbomb.R$id: int img
com.xuwt.smsbomb.R$id: int interval_layout
com.xuwt.smsbomb.R$id: int number_text
com.xuwt.smsbomb.R$id: int phone_num_edit
com.xuwt.smsbomb.R$id: int seprater
com.xuwt.smsbomb.R$id: int setting_btn
com.xuwt.smsbomb.R$id: int start_btn
com.xuwt.smsbomb.R$id: int title_layout
com.xuwt.smsbomb.R$id: int title_view
com.xuwt.smsbomb.R$id: int umeng_common_icon_view
com.xuwt.smsbomb.R$id: int umeng_common_notification
com.xuwt.smsbomb.R$id: int umeng_common_notification_controller
com.xuwt.smsbomb.R$id: int umeng_common_progress_bar
com.xuwt.smsbomb.R$id: int umeng_common_progress_text
com.xuwt.smsbomb.R$id: int umeng_common_rich_notification_cancel
com.xuwt.smsbomb.R$id: int umeng_common_rich_notification_continue
com.xuwt.smsbomb.R$id: int umeng_common_title
com.xuwt.smsbomb.R$id: int umeng_update_content
com.xuwt.smsbomb.R$id: int umeng_update_id_cancel
com.xuwt.smsbomb.R$id: int umeng_update_id_check
com.xuwt.smsbomb.R$id: int umeng_update_id_close
com.xuwt.smsbomb.R$id: int umeng_update_id_ignore
com.xuwt.smsbomb.R$id: int umeng_update_id_ok
com.xuwt.smsbomb.R$id: int umeng_update_wifi_indicator
com.xuwt.smsbomb.R$layout
com.xuwt.smsbomb.R$layout: int activity_main
com.xuwt.smsbomb.R$layout: int fragment_main
com.xuwt.smsbomb.R$layout: int loading
com.xuwt.smsbomb.R$layout: int setting
com.xuwt.smsbomb.R$layout: int title_layout
com.xuwt.smsbomb.R$layout: int umeng_common_download_notification
com.xuwt.smsbomb.R$layout: int umeng_update_dialog
com.xuwt.smsbomb.R$menu
com.xuwt.smsbomb.R$menu: int main
...
android.support.v4.widget.ListPopupWindowCompat$KitKatListPopupWindowImpl
android.support.v4.widget.ListPopupWindowCompat$KitKatListPopupWindowImpl: ListPopupWindowCompat$KitKatListPopupWindowImpl()
android.support.v4.widget.ListPopupWindowCompat$KitKatListPopupWindowImpl: android.view.View$OnTouchListener createDragToOpenListener(java.lang.Object,android.view.View)
android.support.v4.widget.ListPopupWindowCompat$ListPopupWindowImpl
android.support.v4.widget.ListPopupWindowCompat$ListPopupWindowImpl: android.view.View$OnTouchListener createDragToOpenListener(java.lang.Object,android.view.View)
android.support.v4.widget.ListPopupWindowCompatKitKat
android.support.v4.widget.ListPopupWindowCompatKitKat: ListPopupWindowCompatKitKat()
android.support.v4.widget.ListPopupWindowCompatKitKat: android.view.View$OnTouchListener createDragToOpenListener(java.lang.Object,android.view.View)
android.support.v4.widget.ListViewAutoScrollHelper
android.support.v4.widget.ListViewAutoScrollHelper: ListViewAutoScrollHelper(android.widget.ListView)
android.support.v4.widget.ListViewAutoScrollHelper: void scrollTargetBy(int,int)
android.support.v4.widget.ListViewAutoScrollHelper: boolean canTargetScrollHorizontally(int)
android.support.v4.widget.ListViewAutoScrollHelper: boolean canTargetScrollVertically(int)
android.support.v4.widget.PopupMenuCompat
android.support.v4.widget.PopupMenuCompat: PopupMenuCompat()
android.support.v4.widget.PopupMenuCompat: android.view.View$OnTouchListener getDragToOpenListener(java.lang.Object)
android.support.v4.widget.PopupMenuCompat: void <clinit>()
android.support.v4.widget.PopupMenuCompat$BasePopupMenuImpl
android.support.v4.widget.PopupMenuCompat$BasePopupMenuImpl: PopupMenuCompat$BasePopupMenuImpl()
android.support.v4.widget.PopupMenuCompat$BasePopupMenuImpl: android.view.View$OnTouchListener getDragToOpenListener(java.lang.Object)
android.support.v4.widget.PopupMenuCompat$KitKatPopupMenuImpl
android.support.v4.widget.PopupMenuCompat$KitKatPopupMenuImpl: PopupMenuCompat$KitKatPopupMenuImpl()
android.support.v4.widget.PopupMenuCompat$KitKatPopupMenuImpl: android.view.View$OnTouchListener getDragToOpenListener(java.lang.Object)
android.support.v4.widget.PopupMenuCompat$PopupMenuImpl
android.support.v4.widget.PopupMenuCompat$PopupMenuImpl: android.view.View$OnTouchListener getDragToOpenListener(java.lang.Object)
android.support.v4.widget.PopupMenuCompatKitKat
android.support.v4.widget.PopupMenuCompatKitKat: PopupMenuCompatKitKat()
android.support.v4.widget.PopupMenuCompatKitKat: android.view.View$OnTouchListener getDragToOpenListener(java.lang.Object)
android.support.v4.widget.ResourceCursorAdapter
android.support.v4.widget.ResourceCursorAdapter: ResourceCursorAdapter(android.content.Context,int,android.database.Cursor)
android.support.v4.widget.ResourceCursorAdapter: ResourceCursorAdapter(android.content.Context,int,android.database.Cursor,boolean)
android.support.v4.widget.ResourceCursorAdapter: ResourceCursorAdapter(android.content.Context,int,android.database.Cursor,int)
android.support.v4.widget.ResourceCursorAdapter: android.view.View newView(android.content.Context,android.database.Cursor,android.view.ViewGroup)
android.support.v4.widget.ResourceCursorAdapter: android.view.View newDropDownView(android.content.Context,android.database.Cursor,android.view.ViewGroup)
android.support.v4.widget.ResourceCursorAdapter: void setViewResource(int)
android.support.v4.widget.ResourceCursorAdapter: void setDropDownViewResource(int)