proguard/mapping.txt
com.xuwt.smsbomb.BaseActivity -> com.xuwt.smsbomb.BaseActivity:
    void onResume() -> onResume
    void onStop() -> onStop
com.xuwt.smsbomb.LoadingActivity -> com.xuwt.smsbomb.LoadingActivity:
    android.os.Handler mHandler -> p
    java.util.concurrent.ExecutorService mExecPool -> n
    java.util.concurrent.Future mFunture -> o
    void onCreate(android.os.Bundle) -> onCreate
    java.lang.Object call() -> call
com.xuwt.smsbomb.LoadingActivity$InitializeHandler -> com.xuwt.smsbomb.a:
    com.xuwt.smsbomb.LoadingActivity this$0 -> a
    void handleMessage(android.os.Message) -> handleMessage
com.xuwt.smsbomb.MainActivity -> com.xuwt.smsbomb.MainActivity:
    android.support.v4.app.FragmentManager mFragmentManager -> n
    android.support.v4.app.FragmentTransaction mTransaction -> o
    android.widget.Button mSettingBtn -> p
    void onCreate(android.os.Bundle) -> onCreate
    void onClick(android.view.View) -> onClick
com.xuwt.smsbomb.MainFragment -> com.xuwt.smsbomb.MainFragment:
    android.view.View mBackLayout -> P
    android.widget.Button mBackBtn -> Q
    android.widget.Button mSettingBtn -> R
    android.widget.TextView mBackview -> S
    android.widget.TextView mTitleView -> T
    android.widget.EditText mPhoneNumView -> U
    android.widget.Button mStartBtn -> V
    java.lang.String mPhoneNumStr -> W
    android.widget.TextView mNumberView -> X
    com.xuwt.utils.HttpNetUtil mUtil -> Y
    com.xuwt.smsbomb.MainFragment$MyBroadcast mybroadcast -> Z
    android.content.Context mContext -> aa
    com.xuwt.smsbomb.MainFragment newInstance() -> a
    void onCreate(android.os.Bundle) -> onCreate
    android.view.View onCreateView(android.view.LayoutInflater,android.view.ViewGroup,android.os.Bundle) -> onCreateView
    void onResume() -> onResume
    void onPause() -> onPause
    void onActivityCreated(android.os.Bundle) -> onActivityCreated
    void onDestroyView() -> onDestroyView
    void onClick(android.view.View) -> onClick
    void afterTextChanged(android.text.Editable) -> afterTextChanged
    void beforeTextChanged(java.lang.CharSequence,int,int,int) -> beforeTextChanged
    void onTextChanged(java.lang.CharSequence,int,int,int) -> onTextChanged
    android.widget.TextView access$0(com.xuwt.smsbomb.MainFragment) -> a
com.xuwt.smsbomb.MainFragment$MyBroadcast -> com.xuwt.smsbomb.MainFragment$MyBroadcast:
    com.xuwt.smsbomb.MainFragment this$0 -> a
    void onReceive(android.content.Context,android.content.Intent) -> onReceive
com.xuwt.smsbomb.R -> com.xuwt.smsbomb.R:
com.xuwt.smsbomb.R$attr -> com.xuwt.smsbomb.R$attr:
com.xuwt.smsbomb.R$color -> com.xuwt.smsbomb.R$color:
    int green -> green
    int line -> line
com.xuwt.smsbomb.R$dimen -> com.xuwt.smsbomb.R$dimen:
    int activity_horizontal_margin -> activity_horizontal_margin
    int activity_vertical_margin -> activity_vertical_margin
...
android.support.v4.widget.SlidingPaneLayout$1 -> android.support.v4.widget.SlidingPaneLayout$1:
android.support.v4.widget.SlidingPaneLayout$DisableLayerRunnable -> android.support.v4.widget.SlidingPaneLayout$DisableLayerRunnable:
    android.view.View mChildView -> a
    android.support.v4.widget.SlidingPaneLayout this$0 -> b
    void run() -> run
android.support.v4.widget.SlidingPaneLayout$LayoutParams -> android.support.v4.widget.SlidingPaneLayout$LayoutParams:
    int[] ATTRS -> e
    float weight -> a
    boolean slideable -> b
    boolean dimWhenOffset -> c
    android.graphics.Paint dimPaint -> d
android.support.v4.widget.SlidingPaneLayout$SavedState -> android.support.v4.widget.SlidingPaneLayout$SavedState:
    boolean isOpen -> a
    android.os.Parcelable$Creator CREATOR -> CREATOR
    void writeToParcel(android.os.Parcel,int) -> writeToParcel
android.support.v4.widget.SlidingPaneLayout$SavedState$1 -> android.support.v4.widget.SlidingPaneLayout$SavedState$1:
    android.support.v4.widget.SlidingPaneLayout$SavedState createFromParcel(android.os.Parcel) -> createFromParcel
    android.support.v4.widget.SlidingPaneLayout$SavedState[] newArray(int) -> newArray
    java.lang.Object[] newArray(int) -> newArray
    java.lang.Object createFromParcel(android.os.Parcel) -> createFromParcel
android.support.v4.widget.SlidingPaneLayout$SlidingPanelLayoutImpl -> android.support.v4.widget.SlidingPaneLayout$SlidingPanelLayoutImpl:
    void invalidateChildRegion(android.support.v4.widget.SlidingPaneLayout,android.view.View) -> invalidateChildRegion
android.support.v4.widget.SlidingPaneLayout$SlidingPanelLayoutImplBase -> android.support.v4.widget.SlidingPaneLayout$SlidingPanelLayoutImplBase:
    void invalidateChildRegion(android.support.v4.widget.SlidingPaneLayout,android.view.View) -> invalidateChildRegion
android.support.v4.widget.SlidingPaneLayout$SlidingPanelLayoutImplJB -> android.support.v4.widget.SlidingPaneLayout$SlidingPanelLayoutImplJB:
    java.lang.reflect.Method mGetDisplayList -> a
    java.lang.reflect.Field mRecreateDisplayList -> b
    void invalidateChildRegion(android.support.v4.widget.SlidingPaneLayout,android.view.View) -> invalidateChildRegion
android.support.v4.widget.SlidingPaneLayout$SlidingPanelLayoutImplJBMR1 -> android.support.v4.widget.SlidingPaneLayout$SlidingPanelLayoutImplJBMR1:
    void invalidateChildRegion(android.support.v4.widget.SlidingPaneLayout,android.view.View) -> invalidateChildRegion
android.support.v4.widget.ViewDragHelper -> android.support.v4.widget.ViewDragHelper:
    int mDragState -> a
    int mTouchSlop -> b
    int mActivePointerId -> c
    float[] mInitialMotionX -> d
    float[] mInitialMotionY -> e
    float[] mLastMotionX -> f
    float[] mLastMotionY -> g
    int[] mInitialEdgesTouched -> h
    int[] mEdgeDragsInProgress -> i
    int[] mEdgeDragsLocked -> j
    int mPointersDown -> k
    android.view.VelocityTracker mVelocityTracker -> l
    float mMaxVelocity -> m
    float mMinVelocity -> n
    int mEdgeSize -> o
    int mTrackingEdges -> p
    android.support.v4.widget.ScrollerCompat mScroller -> q
    android.support.v4.widget.ViewDragHelper$Callback mCallback -> r
    android.view.View mCapturedView -> s
    boolean mReleaseInProgress -> t
    android.view.ViewGroup mParentView -> u
    android.view.animation.Interpolator sInterpolator -> v
    java.lang.Runnable mSetIdleRunnable -> w
    int getViewDragState() -> getViewDragState
    int getEdgeSize() -> getEdgeSize
    void captureChildView(android.view.View,int) -> captureChildView
    android.view.View getCapturedView() -> getCapturedView
    int getTouchSlop() -> getTouchSlop
    void cancel() -> cancel
    void abort() -> abort
    boolean smoothSlideViewTo(android.view.View,int,int) -> smoothSlideViewTo
    boolean settleCapturedViewAt(int,int) -> settleCapturedViewAt
    boolean forceSettleCapturedViewAt(int,int,int,int) -> forceSettleCapturedViewAt